<?xml version="1.0" encoding="UTF-8"?>
<testsuite name="inheritance.LibraryTest" tests="1" skipped="0" failures="0" errors="0" timestamp="2022-03-06T10:46:10" hostname="ALAA-ALWAZANI" time="0.023">
  <properties/>
  <testcase name="TestAddRevToResSameAuther()" classname="inheritance.LibraryTest" time="0.023"/>
  <system-out><![CDATA[]]></system-out>
  <system-err><![CDATA[]]></system-err>
</testsuite>
